Qflow placement logfile created on Friday 04 December 2020 10:27:38 PM IST
Running blif2cel to generate input files for graywolf
blif2cel.tcl --blif /home/subham/software/vsdflow/TrafficLightController/synthesis/Turn_Controller.blif  --lef  /usr/local/share/qflow/tech/osu018/osu018_stdcells.lef --cel /home/subham/software/vsdflow/TrafficLightController/layout/Turn_Controller.cel 
Opened BLIF file (/home/subham/software/vsdflow/TrafficLightController/synthesis/Turn_Controller.blif) for reading ...
Opened CEL file (/home/subham/software/vsdflow/TrafficLightController/layout/Turn_Controller.cel) for writing...
Loaded /usr/local/share/qflow/tech/osu018/osu018_stdcells.lef file for reading...
1st pass of blif file /home/subham/software/vsdflow/TrafficLightController/synthesis/Turn_Controller.blif. . .
Reading macros and/or technology data from LEF file. . .
LEF file specifies route layer Y pitch as 1
LEF file specifies route layer X pitch as 0.8
Parsing macro AND2X2
Parsing macro AOI21X1
Parsing macro AOI22X1
Parsing macro BUFX2
Parsing macro BUFX4
Parsing macro NOR3X1
Parsing macro DFFPOSX1
Parsing macro INVX1
Parsing macro INVX2
Parsing macro INVX4
Parsing macro INVX8
Parsing macro NAND2X1
Parsing macro NAND3X1
Parsing macro NOR2X1
Parsing macro OAI21X1
Parsing macro OAI22X1
Parsing macro OR2X2
Parsing macro XOR2X1
Parsing macro MUX2X1
Parsing macro XNOR2X1
Parsing macro CLKBUF1
2nd pass of blif file. . .
3rd pass of blif file. . .
Done!
No Turn_Controller.cel1 file found for project. . . no partial blockages to apply to layout.
No Turn_Controller.cel2 file found for project. . . continuing without pin placement hints
Running GrayWolf placement
graywolf  Turn_Controller

twflow version:2.1 date:Mon May 25 21:15:08 EDT 1992
Authors: Bill Swartz, Carl Sechen
         Yale University

syntax version:v1.1 date:Mon May 25 21:11:10 EDT 1992
TimberWolf System Syntax Checker
Authors: Carl Sechen, Kai-Win Lee, Bill Swartz,
         Dahe Chen, and Jimmy Lam
         Yale University

Read   50 objects so far...
Read  100 objects so far...
Read  150 objects so far...
Read  200 objects so far...
Read  250 objects so far...
Read  300 objects so far...
Read  350 objects so far...
Read  400 objects so far...
Read  450 objects so far...
Read  500 objects so far...
Read  550 objects so far...
Read  600 objects so far...
Read  650 objects so far...
Read  700 objects so far...
Read  750 objects so far...
Read  800 objects so far...
Read  850 objects so far...
Read  900 objects so far...
Read  950 objects so far...
Read 1000 objects so far...
Read 1050 objects so far...
Read 1100 objects so far...
Read 1150 objects so far...
Read 1200 objects so far...
Read 1250 objects so far...
Read 1300 objects so far...
Read 1350 objects so far...
Read 1400 objects so far...
Read 1450 objects so far...
Read 1500 objects so far...
Read 1550 objects so far...
Read 1600 objects so far...
Read 1650 objects so far...
Read 1700 objects so far...
Read 1750 objects so far...
Read 1800 objects so far...
Read 1850 objects so far...
Read 1900 objects so far...
Read 1950 objects so far...
Read 2000 objects so far...
Read 2050 objects so far...
Read 2100 objects so far...
Read 2150 objects so far...
Read 2200 objects so far...
Read 2250 objects so far...
Read 2300 objects so far...
Read 2350 objects so far...
Read 2400 objects so far...
Read 2450 objects so far...
Read 2500 objects so far...
Read 2550 objects so far...
Read 2600 objects so far...
Read 2650 objects so far...
Read 2700 objects so far...
Read 2750 objects so far...
Read 2800 objects so far...
Read 2850 objects so far...
Read 2900 objects so far...
Read 2950 objects so far...
Read 3000 objects so far...
Read 3050 objects so far...
Read 3100 objects so far...
Read 3150 objects so far...
Read 3200 objects so far...
Read 3250 objects so far...
Read 3300 objects so far...
Read 3350 objects so far...
Read 3400 objects so far...
Read 3450 objects so far...
Read 3500 objects so far...
Read 3550 objects so far...
Read 3600 objects so far...
Read 3650 objects so far...
Read 3700 objects so far...
Read 3750 objects so far...
Read 3800 objects so far...
Read 3850 objects so far...
Read 3900 objects so far...
Read 3950 objects so far...
Read 4000 objects so far...
Read 4050 objects so far...
Read 4100 objects so far...
Read 4150 objects so far...
Read 4200 objects so far...
Read 4250 objects so far...
Read 4300 objects so far...
Read 4350 objects so far...
Read 4400 objects so far...
Read 4450 objects so far...
Read 4500 objects so far...
Read 4550 objects so far...
Read 4600 objects so far...
Read 4650 objects so far...
Read 4700 objects so far...
Read 4750 objects so far...
Read 4800 objects so far...
Read 4850 objects so far...
Read 4900 objects so far...
Read 4950 objects so far...
Read 5000 objects so far...
Read 5050 objects so far...
Read 5100 objects so far...
Read 5150 objects so far...
Read 5200 objects so far...
Read 5250 objects so far...
Read 5300 objects so far...
Read 5350 objects so far...
Read 5400 objects so far...
Read 5450 objects so far...
Read 5500 objects so far...
Read 5550 objects so far...
Read 5600 objects so far...
Read 5650 objects so far...
Read 5700 objects so far...
Read 5750 objects so far...
Read 5800 objects so far...
Read 5850 objects so far...
Read 5900 objects so far...
Read 5950 objects so far...
Read 6000 objects so far...
Read 6050 objects so far...
Read 6100 objects so far...
Read 6150 objects so far...
Read 6200 objects so far...
No syntax errors were found

syntax terminated normally with no errors and 0 warning[s]


----------------------------
Total stdcells     :6193
Total cell width   :2.62e+06
Total cell height  :6.19e+06
Total cell area    :2.62e+09
Total core area    :2.62e+09
Average cell height:1.00e+03


nocut - replacement for Mincut version:v1.0 date:Mon May 25 21:09:40 EDT 1992
TimberWolf System Floorplan Setup Program
Authors: Carl Sechen, Bill Swartz,
         Yale University

Read   50 objects so far...
Read  100 objects so far...
Read  150 objects so far...
Read  200 objects so far...
Read  250 objects so far...
Read  300 objects so far...
Read  350 objects so far...
Read  400 objects so far...
Read  450 objects so far...
Read  500 objects so far...
Read  550 objects so far...
Read  600 objects so far...
Read  650 objects so far...
Read  700 objects so far...
Read  750 objects so far...
Read  800 objects so far...
Read  850 objects so far...
Read  900 objects so far...
Read  950 objects so far...
Read 1000 objects so far...
Read 1050 objects so far...
Read 1100 objects so far...
Read 1150 objects so far...
Read 1200 objects so far...
Read 1250 objects so far...
Read 1300 objects so far...
Read 1350 objects so far...
Read 1400 objects so far...
Read 1450 objects so far...
Read 1500 objects so far...
Read 1550 objects so far...
Read 1600 objects so far...
Read 1650 objects so far...
Read 1700 objects so far...
Read 1750 objects so far...
Read 1800 objects so far...
Read 1850 objects so far...
Read 1900 objects so far...
Read 1950 objects so far...
Read 2000 objects so far...
Read 2050 objects so far...
Read 2100 objects so far...
Read 2150 objects so far...
Read 2200 objects so far...
Read 2250 objects so far...
Read 2300 objects so far...
Read 2350 objects so far...
Read 2400 objects so far...
Read 2450 objects so far...
Read 2500 objects so far...
Read 2550 objects so far...
Read 2600 objects so far...
Read 2650 objects so far...
Read 2700 objects so far...
Read 2750 objects so far...
Read 2800 objects so far...
Read 2850 objects so far...
Read 2900 objects so far...
Read 2950 objects so far...
Read 3000 objects so far...
Read 3050 objects so far...
Read 3100 objects so far...
Read 3150 objects so far...
Read 3200 objects so far...
Read 3250 objects so far...
Read 3300 objects so far...
Read 3350 objects so far...
Read 3400 objects so far...
Read 3450 objects so far...
Read 3500 objects so far...
Read 3550 objects so far...
Read 3600 objects so far...
Read 3650 objects so far...
Read 3700 objects so far...
Read 3750 objects so far...
Read 3800 objects so far...
Read 3850 objects so far...
Read 3900 objects so far...
Read 3950 objects so far...
Read 4000 objects so far...
Read 4050 objects so far...
Read 4100 objects so far...
Read 4150 objects so far...
Read 4200 objects so far...
Read 4250 objects so far...
Read 4300 objects so far...
Read 4350 objects so far...
Read 4400 objects so far...
Read 4450 objects so far...
Read 4500 objects so far...
Read 4550 objects so far...
Read 4600 objects so far...
Read 4650 objects so far...
Read 4700 objects so far...
Read 4750 objects so far...
Read 4800 objects so far...
Read 4850 objects so far...
Read 4900 objects so far...
Read 4950 objects so far...
Read 5000 objects so far...
Read 5050 objects so far...
Read 5100 objects so far...
Read 5150 objects so far...
Read 5200 objects so far...
Read 5250 objects so far...
Read 5300 objects so far...
Read 5350 objects so far...
Read 5400 objects so far...
Read 5450 objects so far...
Read 5500 objects so far...
Read 5550 objects so far...
Read 5600 objects so far...
Read 5650 objects so far...
Read 5700 objects so far...
Read 5750 objects so far...
Read 5800 objects so far...
Read 5850 objects so far...
Read 5900 objects so far...
Read 5950 objects so far...
Read 6000 objects so far...
Read 6050 objects so far...
Read 6100 objects so far...
Read 6150 objects so far...
Read 6200 objects so far...
Splitting Turn_Controller.cel into Turn_Controller.scel and Turn_Controller.mcel...
	done!


nocut - replacement for Mincut terminated normally with no errors and 0 warning[s]


TimberWolfMC version:v2.2 date:Mon May 25 21:18:34 EDT 1992
Authors: Carl Sechen, Bill Swartz, Kai-Win Lee
         Dahe Chen, and Jimmy Lam
         Yale University

config version:v1.0 date:Mon May 25 20:57:18 EDT 1992
Row configuration program
    Yale University


config switches:
	Graphics mode on
	config will inherit window



config terminated normally with no errors and 0 warning[s]


TimberWolfMC terminated normally with no errors and 0 warning[s]



TimberWolfSC switches:
	Graphics mode on
	TimberWolfSC will inherit window

TimberWolfSC version:v6.0 date:Mon May 25 21:19:07 EDT 1992
Row-Based Placement and Global Routing Program
Authors: Carl Sechen, Kai-Win Lee, and Bill Swartz,
         Yale University
  0 
  1   2   3   4   5   6   7   8   9  10  11  12  13  14  15 
 16  17  18  19  20  21  22  23  24  25  26  27  28  29  30 
 31  32  33  34  35  36  37  38  39  40  41  42  43  44  45 
 46  47  48  49  50  51  52  53  54  55  56  57  58  59  60 
 61  62  63  64  65  66  67  68  69  70  71  72  73  74  75 
 76  77  78  79  80  81  82  83  84  85  86  87  88  89  90 
 91  92  93  94  95  96  97  98  99 100 101 102 103 104 105 
106 107 108 109 110 111 112 113 114 115 116 117 118 119 120 
121 122 123 124 125 126 127 128 129 130 131 132 133 134 135 
136 137 138 139 140 141 142 143 144 145 146 147 148 149 150 
151 152 153 154 155 156 157 158 
 block left edge is at -239
 the longest block length is 52640
 building the steiner trees
 rebuilding the steiner tree

----start doing coarse global routing ------ 
 ITERATION  1
 ITERATION  2
 ITERATION  3
 ITERATION  4
 ITERATION  5
 ITERATION  6
 ITERATION  7
 ITERATION  8
 ITERATION  9
 ITERATION 10

  longest Row is:26   Its length is:54720
 doing feed-through pins assignment
 building the net-tree now !
 set up the global routing grids
 the starting value of tracks = 1305
 tracks = 1282 at attempts =  1000
 tracks = 1263 at attempts =  2000
 tracks = 1250 at attempts =  3000
 tracks = 1241 at attempts =  4000
 tracks = 1232 at attempts =  5000
 tracks = 1224 at attempts =  6000
 tracks = 1216 at attempts =  7000
 tracks = 1215 at attempts =  8000
 tracks = 1211 at attempts =  9000
 tracks = 1209 at attempts = 10000
 tracks = 1206 at attempts = 11000
 tracks = 1202 at attempts = 12000
 tracks = 1200 at attempts = 13000
 tracks = 1199 at attempts = 14000
 tracks = 1197 at attempts = 15000
 tracks = 1195 at attempts = 16000
 tracks = 1195 at attempts = 17000
 tracks = 1194 at attempts = 18000
 tracks = 1192 at attempts = 19000
 tracks = 1192 at attempts = 20000
 tracks = 1191 at attempts = 21000
 tracks = 1191 at attempts = 22000
 tracks = 1189 at attempts = 23000
 tracks = 1188 at attempts = 24000
 tracks = 1188 at attempts = 25000
 tracks = 1187 at attempts = 26000
 tracks = 1187 at attempts = 27000
 tracks = 1187 at attempts = 28000
 tracks = 1187 at attempts = 29000
 tracks = 1187 at attempts = 30000
 tracks = 1187 at attempts = 31000
 tracks = 1186 at attempts = 32000
 tracks = 1186 at attempts = 33000
 tracks = 1186 at attempts = 34000
 tracks = 1186 at attempts = 35000
 tracks = 1185 at attempts = 36000
 tracks = 1185 at attempts = 37000
 tracks = 1185 at attempts = 38000
 tracks = 1185 at attempts = 39000
 tracks = 1185 at attempts = 40000
 tracks = 1185 at attempts = 41000
 tracks = 1185 at attempts = 42000
 tracks = 1185 at attempts = 43000
 tracks = 1185 at attempts = 44000
 tracks = 1184 at attempts = 45000
 tracks = 1184 at attempts = 46000
 tracks = 1184 at attempts = 47000
 tracks = 1184 at attempts = 48000
 tracks = 1184 at attempts = 49000
 tracks = 1183 at attempts = 50000
 tracks = 1183 at attempts = 51000
 tracks = 1183 at attempts = 52000
 tracks = 1183 at attempts = 53000
 tracks = 1183 at attempts = 54000
 tracks = 1182 at attempts = 55000
 tracks = 1182 at attempts = 56000
 tracks = 1181 at attempts = 57000
 tracks = 1181 at attempts = 58000
 tracks = 1181 at attempts = 59000
 tracks = 1181 at attempts = 60000
 tracks = 1180 at attempts = 61000
 tracks = 1180 at attempts = 62000
 tracks = 1180 at attempts = 63000
 tracks = 1180 at attempts = 64000
 tracks = 1180 at attempts = 65000
 tracks = 1180 at attempts = 66000
 tracks = 1180 at attempts = 67000
 tracks = 1180 at attempts = 68000
 tracks = 1180 at attempts = 69000
 tracks = 1180 at attempts = 70000
 tracks = 1180 at attempts = 71000
 tracks = 1180 at attempts = 72000
 tracks = 1180 at attempts = 73000
 tracks = 1180 at attempts = 74000
 tracks = 1180 at attempts = 75000
 tracks = 1180 at attempts = 76000
 tracks = 1179 at attempts = 77000
 tracks = 1179 at attempts = 78000
 tracks = 1179 at attempts = 79000
 tracks = 1179 at attempts = 80000
 tracks = 1179 at attempts = 81000
 tracks = 1179 at attempts = 82000
 tracks = 1179 at attempts = 83000
 tracks = 1178 at attempts = 84000
 tracks = 1178 at attempts = 85000
 tracks = 1178 at attempts = 86000
 tracks = 1178 at attempts = 87000
 tracks = 1178 at attempts = 88000
 tracks = 1178 at attempts = 89000
 tracks = 1178 at attempts = 90000
 tracks = 1178 at attempts = 91000
 tracks = 1178 at attempts = 92000
 tracks = 1178 at attempts = 93000
 tracks = 1178 at attempts = 94000
 tracks = 1178 at attempts = 95000
 tracks = 1178 at attempts = 96000
 tracks = 1178 at attempts = 97000
 tracks = 1178 at attempts = 98000
 tracks = 1178 at attempts = 99000
 tracks = 1178 at attempts = 100000
 tracks = 1178 at attempts = 101000
 tracks = 1178 at attempts = 102000
 tracks = 1178 at attempts = 103000
 tracks = 1178 at attempts = 104000
 tracks = 1178 at attempts = 105000
 tracks = 1178 at attempts = 106000
 tracks = 1178 at attempts = 107000
 tracks = 1178 at attempts = 108000
 tracks = 1178 at attempts = 109000
 tracks = 1178 at attempts = 110000
 tracks = 1178 at attempts = 111000
 tracks = 1178 at attempts = 112000
 tracks = 1178 at attempts = 113000
 tracks = 1178 at attempts = 114000
 tracks = 1178 at attempts = 115000
 tracks = 1178 at attempts = 116000
 tracks = 1178 at attempts = 117000
 tracks = 1178 at attempts = 118000
 tracks = 1178 at attempts = 119000
 tracks = 1178 at attempts = 120000
 tracks = 1178 at attempts = 121000
 tracks = 1178 at attempts = 122000
 tracks = 1178 at attempts = 123000
 tracks = 1178 at attempts = 124000
 tracks = 1178 at attempts = 125000
 tracks = 1178 at attempts = 126000
 tracks = 1178 at attempts = 127000
 tracks = 1178 at attempts = 128000
 tracks = 1178 at attempts = 129000
 tracks = 1178 at attempts = 130000
 tracks = 1178 at attempts = 131000
 tracks = 1178 at attempts = 132000
 tracks = 1178 at attempts = 133000
 tracks = 1178 at attempts = 134000
 tracks = 1178 at attempts = 135000
 tracks = 1178 at attempts = 136000
 tracks = 1178 at attempts = 137000
 tracks = 1178 at attempts = 138000
 tracks = 1178 at attempts = 139000
 tracks = 1178 at attempts = 140000
 tracks = 1178 at attempts = 141000
 tracks = 1177 at attempts = 142000
 tracks = 1177 at attempts = 143000
 tracks = 1177 at attempts = 144000
 tracks = 1177 at attempts = 145000
 tracks = 1177 at attempts = 146000
 tracks = 1177 at attempts = 147000
 tracks = 1177 at attempts = 148000
 tracks = 1177 at attempts = 149000
 tracks = 1177 at attempts = 150000
 tracks = 1177 at attempts = 151000
 tracks = 1177 at attempts = 152000
 tracks = 1177 at attempts = 153000
 tracks = 1177 at attempts = 154000
 tracks = 1177 at attempts = 155000
 removing redundant feed-through pins
 the connectivity of all the nets is verified

 block left edge is at -239
 the longest block length is 52640
 building the steiner trees
 rebuilding the steiner tree

----start doing coarse global routing ------ 
 ITERATION  1
 ITERATION  2
 ITERATION  3
 ITERATION  4
 ITERATION  5
 ITERATION  6
 ITERATION  7
 ITERATION  8
 ITERATION  9
 ITERATION 10
 ITERATION 11

  longest Row is:25   Its length is:55040
 doing feed-through pins assignment
 building the net-tree now !
 set up the global routing grids
 the starting value of tracks = 1305
 tracks = 1278 at attempts =  1000
 tracks = 1270 at attempts =  2000
 tracks = 1258 at attempts =  3000
 tracks = 1245 at attempts =  4000
 tracks = 1235 at attempts =  5000
 tracks = 1228 at attempts =  6000
 tracks = 1219 at attempts =  7000
 tracks = 1214 at attempts =  8000
 tracks = 1208 at attempts =  9000
 tracks = 1206 at attempts = 10000
 tracks = 1202 at attempts = 11000
 tracks = 1201 at attempts = 12000
 tracks = 1199 at attempts = 13000
 tracks = 1197 at attempts = 14000
 tracks = 1196 at attempts = 15000
 tracks = 1193 at attempts = 16000
 tracks = 1193 at attempts = 17000
 tracks = 1191 at attempts = 18000
 tracks = 1191 at attempts = 19000
 tracks = 1188 at attempts = 20000
 tracks = 1188 at attempts = 21000
 tracks = 1188 at attempts = 22000
 tracks = 1186 at attempts = 23000
 tracks = 1185 at attempts = 24000
 tracks = 1183 at attempts = 25000
 tracks = 1183 at attempts = 26000
 tracks = 1183 at attempts = 27000
 tracks = 1182 at attempts = 28000
 tracks = 1182 at attempts = 29000
 tracks = 1181 at attempts = 30000
 tracks = 1181 at attempts = 31000
 tracks = 1181 at attempts = 32000
 tracks = 1181 at attempts = 33000
 tracks = 1178 at attempts = 34000
 tracks = 1178 at attempts = 35000
 tracks = 1178 at attempts = 36000
 tracks = 1176 at attempts = 37000
 tracks = 1176 at attempts = 38000
 tracks = 1176 at attempts = 39000
 tracks = 1176 at attempts = 40000
 tracks = 1176 at attempts = 41000
 tracks = 1176 at attempts = 42000
 tracks = 1176 at attempts = 43000
 tracks = 1175 at attempts = 44000
 tracks = 1175 at attempts = 45000
 tracks = 1175 at attempts = 46000
 tracks = 1175 at attempts = 47000
 tracks = 1175 at attempts = 48000
 tracks = 1175 at attempts = 49000
 tracks = 1175 at attempts = 50000
 tracks = 1175 at attempts = 51000
 tracks = 1175 at attempts = 52000
 tracks = 1175 at attempts = 53000
 tracks = 1175 at attempts = 54000
 tracks = 1175 at attempts = 55000
 tracks = 1175 at attempts = 56000
 tracks = 1175 at attempts = 57000
 tracks = 1175 at attempts = 58000
 tracks = 1175 at attempts = 59000
 tracks = 1174 at attempts = 60000
 tracks = 1174 at attempts = 61000
 tracks = 1173 at attempts = 62000
 tracks = 1173 at attempts = 63000
 tracks = 1173 at attempts = 64000
 tracks = 1173 at attempts = 65000
 tracks = 1173 at attempts = 66000
 tracks = 1173 at attempts = 67000
 tracks = 1173 at attempts = 68000
 tracks = 1173 at attempts = 69000
 tracks = 1173 at attempts = 70000
 tracks = 1173 at attempts = 71000
 tracks = 1173 at attempts = 72000
 tracks = 1173 at attempts = 73000
 tracks = 1173 at attempts = 74000
 tracks = 1173 at attempts = 75000
 tracks = 1173 at attempts = 76000
 tracks = 1173 at attempts = 77000
 tracks = 1173 at attempts = 78000
 tracks = 1173 at attempts = 79000
 tracks = 1173 at attempts = 80000
 tracks = 1173 at attempts = 81000
 tracks = 1173 at attempts = 82000
 tracks = 1173 at attempts = 83000
 tracks = 1173 at attempts = 84000
 tracks = 1173 at attempts = 85000
 tracks = 1173 at attempts = 86000
 tracks = 1173 at attempts = 87000
 tracks = 1173 at attempts = 88000
 tracks = 1173 at attempts = 89000
 tracks = 1173 at attempts = 90000
 tracks = 1173 at attempts = 91000
 tracks = 1173 at attempts = 92000
 tracks = 1173 at attempts = 93000
 tracks = 1173 at attempts = 94000
 tracks = 1173 at attempts = 95000
 tracks = 1173 at attempts = 96000
 tracks = 1173 at attempts = 97000
 tracks = 1172 at attempts = 98000
 tracks = 1172 at attempts = 99000
 tracks = 1172 at attempts = 100000
 tracks = 1172 at attempts = 101000
 tracks = 1172 at attempts = 102000
 tracks = 1172 at attempts = 103000
 tracks = 1172 at attempts = 104000
 tracks = 1172 at attempts = 105000
 tracks = 1172 at attempts = 106000
 tracks = 1172 at attempts = 107000
 tracks = 1172 at attempts = 108000
 tracks = 1172 at attempts = 109000
 tracks = 1172 at attempts = 110000
 tracks = 1172 at attempts = 111000
 tracks = 1172 at attempts = 112000
 tracks = 1172 at attempts = 113000
 tracks = 1172 at attempts = 114000
 tracks = 1172 at attempts = 115000
 tracks = 1172 at attempts = 116000
 tracks = 1172 at attempts = 117000
 tracks = 1172 at attempts = 118000
 tracks = 1172 at attempts = 119000
 tracks = 1172 at attempts = 120000
 tracks = 1172 at attempts = 121000
 tracks = 1172 at attempts = 122000
 tracks = 1172 at attempts = 123000
 tracks = 1172 at attempts = 124000
 tracks = 1172 at attempts = 125000
 tracks = 1172 at attempts = 126000
 tracks = 1172 at attempts = 127000
 tracks = 1172 at attempts = 128000
 tracks = 1172 at attempts = 129000
 tracks = 1172 at attempts = 130000
 tracks = 1172 at attempts = 131000
 tracks = 1172 at attempts = 132000
 tracks = 1172 at attempts = 133000
 tracks = 1172 at attempts = 134000
 tracks = 1172 at attempts = 135000
 tracks = 1172 at attempts = 136000
 tracks = 1172 at attempts = 137000
 tracks = 1172 at attempts = 138000
 tracks = 1172 at attempts = 139000
 tracks = 1172 at attempts = 140000
 tracks = 1172 at attempts = 141000
 tracks = 1172 at attempts = 142000
 tracks = 1172 at attempts = 143000
 tracks = 1172 at attempts = 144000
 tracks = 1172 at attempts = 145000
 tracks = 1172 at attempts = 146000
 tracks = 1172 at attempts = 147000
 tracks = 1172 at attempts = 148000
 tracks = 1172 at attempts = 149000
 tracks = 1172 at attempts = 150000
 tracks = 1172 at attempts = 151000
 tracks = 1172 at attempts = 152000
 tracks = 1172 at attempts = 153000
 tracks = 1172 at attempts = 154000
 tracks = 1172 at attempts = 155000
 removing redundant feed-through pins
 the connectivity of all the nets is verified

 block left edge is at -239
 the longest block length is 52640
 building the steiner trees
 rebuilding the steiner tree

----start doing coarse global routing ------ 
 ITERATION  1
 ITERATION  2
 ITERATION  3
 ITERATION  4
 ITERATION  5
 ITERATION  6
 ITERATION  7
 ITERATION  8

  longest Row is:25   Its length is:54800
 doing feed-through pins assignment
 building the net-tree now !
 set up the global routing grids
 the starting value of tracks = 1346
 tracks = 1316 at attempts =  1000
 tracks = 1299 at attempts =  2000
 tracks = 1282 at attempts =  3000
 tracks = 1274 at attempts =  4000
 tracks = 1270 at attempts =  5000
 tracks = 1263 at attempts =  6000
 tracks = 1253 at attempts =  7000
 tracks = 1250 at attempts =  8000
 tracks = 1248 at attempts =  9000
 tracks = 1245 at attempts = 10000
 tracks = 1241 at attempts = 11000
 tracks = 1238 at attempts = 12000
 tracks = 1237 at attempts = 13000
 tracks = 1237 at attempts = 14000
 tracks = 1234 at attempts = 15000
 tracks = 1233 at attempts = 16000
 tracks = 1231 at attempts = 17000
 tracks = 1229 at attempts = 18000
 tracks = 1229 at attempts = 19000
 tracks = 1228 at attempts = 20000
 tracks = 1228 at attempts = 21000
 tracks = 1227 at attempts = 22000
 tracks = 1227 at attempts = 23000
 tracks = 1226 at attempts = 24000
 tracks = 1226 at attempts = 25000
 tracks = 1225 at attempts = 26000
 tracks = 1224 at attempts = 27000
 tracks = 1223 at attempts = 28000
 tracks = 1223 at attempts = 29000
 tracks = 1222 at attempts = 30000
 tracks = 1222 at attempts = 31000
 tracks = 1222 at attempts = 32000
 tracks = 1221 at attempts = 33000
 tracks = 1220 at attempts = 34000
 tracks = 1220 at attempts = 35000
 tracks = 1220 at attempts = 36000
 tracks = 1220 at attempts = 37000
 tracks = 1220 at attempts = 38000
 tracks = 1220 at attempts = 39000
 tracks = 1220 at attempts = 40000
 tracks = 1220 at attempts = 41000
 tracks = 1220 at attempts = 42000
 tracks = 1220 at attempts = 43000
 tracks = 1219 at attempts = 44000
 tracks = 1219 at attempts = 45000
 tracks = 1219 at attempts = 46000
 tracks = 1219 at attempts = 47000
 tracks = 1219 at attempts = 48000
 tracks = 1219 at attempts = 49000
 tracks = 1219 at attempts = 50000
 tracks = 1219 at attempts = 51000
 tracks = 1218 at attempts = 52000
 tracks = 1218 at attempts = 53000
 tracks = 1218 at attempts = 54000
 tracks = 1218 at attempts = 55000
 tracks = 1218 at attempts = 56000
 tracks = 1218 at attempts = 57000
 tracks = 1218 at attempts = 58000
 tracks = 1218 at attempts = 59000
 tracks = 1218 at attempts = 60000
 tracks = 1218 at attempts = 61000
 tracks = 1218 at attempts = 62000
 tracks = 1218 at attempts = 63000
 tracks = 1218 at attempts = 64000
 tracks = 1218 at attempts = 65000
 tracks = 1218 at attempts = 66000
 tracks = 1218 at attempts = 67000
 tracks = 1218 at attempts = 68000
 tracks = 1218 at attempts = 69000
 tracks = 1218 at attempts = 70000
 tracks = 1218 at attempts = 71000
 tracks = 1218 at attempts = 72000
 tracks = 1218 at attempts = 73000
 tracks = 1218 at attempts = 74000
 tracks = 1218 at attempts = 75000
 tracks = 1218 at attempts = 76000
 tracks = 1218 at attempts = 77000
 tracks = 1218 at attempts = 78000
 tracks = 1218 at attempts = 79000
 tracks = 1218 at attempts = 80000
 tracks = 1218 at attempts = 81000
 tracks = 1218 at attempts = 82000
 tracks = 1218 at attempts = 83000
 tracks = 1218 at attempts = 84000
 tracks = 1218 at attempts = 85000
 tracks = 1218 at attempts = 86000
 tracks = 1218 at attempts = 87000
 tracks = 1218 at attempts = 88000
 tracks = 1218 at attempts = 89000
 tracks = 1218 at attempts = 90000
 tracks = 1218 at attempts = 91000
 tracks = 1218 at attempts = 92000
 tracks = 1218 at attempts = 93000
 tracks = 1218 at attempts = 94000
 tracks = 1218 at attempts = 95000
 tracks = 1218 at attempts = 96000
 tracks = 1218 at attempts = 97000
 tracks = 1218 at attempts = 98000
 tracks = 1218 at attempts = 99000
 tracks = 1218 at attempts = 100000
 tracks = 1218 at attempts = 101000
 tracks = 1218 at attempts = 102000
 tracks = 1218 at attempts = 103000
 tracks = 1218 at attempts = 104000
 tracks = 1218 at attempts = 105000
 tracks = 1218 at attempts = 106000
 tracks = 1218 at attempts = 107000
 tracks = 1218 at attempts = 108000
 tracks = 1218 at attempts = 109000
 tracks = 1218 at attempts = 110000
 tracks = 1218 at attempts = 111000
 tracks = 1218 at attempts = 112000
 tracks = 1218 at attempts = 113000
 tracks = 1218 at attempts = 114000
 tracks = 1218 at attempts = 115000
 tracks = 1218 at attempts = 116000
 tracks = 1218 at attempts = 117000
 tracks = 1218 at attempts = 118000
 tracks = 1218 at attempts = 119000
 tracks = 1218 at attempts = 120000
 tracks = 1218 at attempts = 121000
 tracks = 1218 at attempts = 122000
 tracks = 1218 at attempts = 123000
 tracks = 1218 at attempts = 124000
 tracks = 1218 at attempts = 125000
 tracks = 1218 at attempts = 126000
 tracks = 1218 at attempts = 127000
 tracks = 1218 at attempts = 128000
 tracks = 1218 at attempts = 129000
 tracks = 1218 at attempts = 130000
 tracks = 1218 at attempts = 131000
 tracks = 1218 at attempts = 132000
 tracks = 1218 at attempts = 133000
 tracks = 1218 at attempts = 134000
 tracks = 1218 at attempts = 135000
 tracks = 1218 at attempts = 136000
 tracks = 1218 at attempts = 137000
 tracks = 1218 at attempts = 138000
 tracks = 1218 at attempts = 139000
 tracks = 1218 at attempts = 140000
 tracks = 1218 at attempts = 141000
 tracks = 1218 at attempts = 142000
 tracks = 1218 at attempts = 143000
 tracks = 1218 at attempts = 144000
 tracks = 1218 at attempts = 145000
 tracks = 1218 at attempts = 146000
 tracks = 1218 at attempts = 147000
 tracks = 1218 at attempts = 148000
 tracks = 1218 at attempts = 149000
 tracks = 1218 at attempts = 150000
 tracks = 1218 at attempts = 151000
 tracks = 1218 at attempts = 152000
 tracks = 1218 at attempts = 153000
 tracks = 1218 at attempts = 154000
 tracks = 1218 at attempts = 155000
 removing redundant feed-through pins
 the connectivity of all the nets is verified

 block left edge is at -239
 the longest block length is 52640
 building the steiner trees
 rebuilding the steiner tree

----start doing coarse global routing ------ 
 ITERATION  1

  longest Row is:4   Its length is:51440
 doing feed-through pins assignment
 building the net-tree now !
 set up the global routing grids
 the starting value of tracks = 1104
 tracks = 1104 at attempts =  1000
 tracks = 1102 at attempts =  2000
 tracks = 1102 at attempts =  3000
 tracks = 1102 at attempts =  4000
 tracks = 1102 at attempts =  5000
 tracks = 1102 at attempts =  6000
 tracks = 1102 at attempts =  7000
 tracks = 1102 at attempts =  8000
 tracks = 1101 at attempts =  9000
 tracks = 1101 at attempts = 10000
 tracks = 1101 at attempts = 11000
 tracks = 1101 at attempts = 12000
 tracks = 1101 at attempts = 13000
 tracks = 1101 at attempts = 14000
 tracks = 1101 at attempts = 15000
 tracks = 1101 at attempts = 16000
 tracks = 1101 at attempts = 17000
 tracks = 1101 at attempts = 18000
 tracks = 1101 at attempts = 19000
 tracks = 1101 at attempts = 20000
 tracks = 1101 at attempts = 21000
 tracks = 1101 at attempts = 22000
 tracks = 1101 at attempts = 23000
 tracks = 1101 at attempts = 24000
 tracks = 1101 at attempts = 25000
 tracks = 1101 at attempts = 26000
 tracks = 1101 at attempts = 27000
 tracks = 1101 at attempts = 28000
 tracks = 1101 at attempts = 29000
 tracks = 1101 at attempts = 30000
 tracks = 1101 at attempts = 31000
 tracks = 1101 at attempts = 32000
 tracks = 1101 at attempts = 33000
 tracks = 1101 at attempts = 34000
 tracks = 1101 at attempts = 35000
 tracks = 1101 at attempts = 36000
 tracks = 1101 at attempts = 37000
 tracks = 1101 at attempts = 38000
 tracks = 1101 at attempts = 39000
 tracks = 1101 at attempts = 40000
 tracks = 1101 at attempts = 41000
 tracks = 1101 at attempts = 42000
 tracks = 1101 at attempts = 43000
 tracks = 1101 at attempts = 44000
 tracks = 1101 at attempts = 45000
 tracks = 1101 at attempts = 46000
 tracks = 1101 at attempts = 47000
 tracks = 1101 at attempts = 48000
 tracks = 1101 at attempts = 49000
 tracks = 1101 at attempts = 50000
 tracks = 1101 at attempts = 51000
 tracks = 1101 at attempts = 52000
 tracks = 1101 at attempts = 53000
 tracks = 1101 at attempts = 54000
 tracks = 1101 at attempts = 55000
 tracks = 1101 at attempts = 56000
 tracks = 1101 at attempts = 57000
 tracks = 1101 at attempts = 58000
 tracks = 1101 at attempts = 59000
 tracks = 1101 at attempts = 60000
 tracks = 1101 at attempts = 61000
 tracks = 1101 at attempts = 62000
 tracks = 1101 at attempts = 63000
 tracks = 1101 at attempts = 64000
 tracks = 1101 at attempts = 65000
 tracks = 1101 at attempts = 66000
 tracks = 1101 at attempts = 67000
 tracks = 1101 at attempts = 68000
 tracks = 1101 at attempts = 69000
 tracks = 1101 at attempts = 70000
 tracks = 1101 at attempts = 71000
 tracks = 1101 at attempts = 72000
 tracks = 1101 at attempts = 73000
 tracks = 1101 at attempts = 74000
 tracks = 1101 at attempts = 75000
 tracks = 1101 at attempts = 76000
 tracks = 1101 at attempts = 77000
 tracks = 1101 at attempts = 78000
 tracks = 1101 at attempts = 79000
 tracks = 1101 at attempts = 80000
 tracks = 1101 at attempts = 81000
 tracks = 1101 at attempts = 82000
 tracks = 1101 at attempts = 83000
 tracks = 1101 at attempts = 84000
 tracks = 1101 at attempts = 85000
 tracks = 1101 at attempts = 86000
 tracks = 1101 at attempts = 87000
 tracks = 1101 at attempts = 88000
 tracks = 1101 at attempts = 89000
 tracks = 1101 at attempts = 90000
 tracks = 1101 at attempts = 91000
 tracks = 1101 at attempts = 92000
 tracks = 1101 at attempts = 93000
 tracks = 1101 at attempts = 94000
 tracks = 1101 at attempts = 95000
 tracks = 1101 at attempts = 96000
 tracks = 1101 at attempts = 97000
 tracks = 1101 at attempts = 98000
 tracks = 1101 at attempts = 99000
 tracks = 1101 at attempts = 100000
 tracks = 1101 at attempts = 101000
 tracks = 1101 at attempts = 102000
 tracks = 1101 at attempts = 103000
 tracks = 1101 at attempts = 104000
 tracks = 1101 at attempts = 105000
 tracks = 1101 at attempts = 106000
 tracks = 1101 at attempts = 107000
 tracks = 1101 at attempts = 108000
 tracks = 1101 at attempts = 109000
 tracks = 1101 at attempts = 110000
 tracks = 1101 at attempts = 111000
 tracks = 1101 at attempts = 112000
 tracks = 1101 at attempts = 113000
 tracks = 1101 at attempts = 114000
 tracks = 1101 at attempts = 115000
 tracks = 1101 at attempts = 116000
 tracks = 1101 at attempts = 117000
 tracks = 1101 at attempts = 118000
 tracks = 1101 at attempts = 119000
 tracks = 1101 at attempts = 120000
 tracks = 1101 at attempts = 121000
 tracks = 1101 at attempts = 122000
 tracks = 1101 at attempts = 123000
 tracks = 1101 at attempts = 124000
 tracks = 1101 at attempts = 125000
 tracks = 1101 at attempts = 126000
 tracks = 1101 at attempts = 127000
 tracks = 1101 at attempts = 128000
 tracks = 1101 at attempts = 129000
 tracks = 1101 at attempts = 130000
 tracks = 1101 at attempts = 131000
 tracks = 1101 at attempts = 132000
 tracks = 1101 at attempts = 133000
 tracks = 1101 at attempts = 134000
 tracks = 1101 at attempts = 135000
 tracks = 1101 at attempts = 136000
 tracks = 1101 at attempts = 137000
 tracks = 1101 at attempts = 138000
 tracks = 1101 at attempts = 139000
 tracks = 1101 at attempts = 140000
 tracks = 1101 at attempts = 141000
 tracks = 1101 at attempts = 142000
 tracks = 1101 at attempts = 143000
 tracks = 1101 at attempts = 144000
 tracks = 1101 at attempts = 145000
 tracks = 1101 at attempts = 146000
 tracks = 1101 at attempts = 147000
 tracks = 1101 at attempts = 148000
 tracks = 1101 at attempts = 149000
 tracks = 1101 at attempts = 150000
 tracks = 1101 at attempts = 151000
 tracks = 1101 at attempts = 152000
 tracks = 1101 at attempts = 153000
 tracks = 1101 at attempts = 154000
 tracks = 1101 at attempts = 155000
 removing redundant feed-through pins
 the connectivity of all the nets is verified

 block left edge is at -239
 the longest block length is 52640
 building the steiner trees
 rebuilding the steiner tree

----start doing coarse global routing ------ 
 ITERATION  1
 ITERATION  2
 ITERATION  3
 ITERATION  4
 ITERATION  5
 ITERATION  6
 ITERATION  7

  longest Row is:24   Its length is:54560
 doing feed-through pins assignment
 building the net-tree now !
 set up the global routing grids
 the starting value of tracks = 1285
 tracks = 1266 at attempts =  1000
 tracks = 1248 at attempts =  2000
 tracks = 1234 at attempts =  3000
 tracks = 1226 at attempts =  4000
 tracks = 1220 at attempts =  5000
 tracks = 1214 at attempts =  6000
 tracks = 1209 at attempts =  7000
 tracks = 1207 at attempts =  8000
 tracks = 1200 at attempts =  9000
 tracks = 1197 at attempts = 10000
 tracks = 1194 at attempts = 11000
 tracks = 1192 at attempts = 12000
 tracks = 1190 at attempts = 13000
 tracks = 1186 at attempts = 14000
 tracks = 1184 at attempts = 15000
 tracks = 1182 at attempts = 16000
 tracks = 1181 at attempts = 17000
 tracks = 1178 at attempts = 18000
 tracks = 1175 at attempts = 19000
 tracks = 1175 at attempts = 20000
 tracks = 1174 at attempts = 21000
 tracks = 1174 at attempts = 22000
 tracks = 1174 at attempts = 23000
 tracks = 1172 at attempts = 24000
 tracks = 1172 at attempts = 25000
 tracks = 1171 at attempts = 26000
 tracks = 1171 at attempts = 27000
 tracks = 1170 at attempts = 28000
 tracks = 1170 at attempts = 29000
 tracks = 1170 at attempts = 30000
 tracks = 1170 at attempts = 31000
 tracks = 1169 at attempts = 32000
 tracks = 1169 at attempts = 33000
 tracks = 1169 at attempts = 34000
 tracks = 1169 at attempts = 35000
 tracks = 1168 at attempts = 36000
 tracks = 1168 at attempts = 37000
 tracks = 1168 at attempts = 38000
 tracks = 1168 at attempts = 39000
 tracks = 1168 at attempts = 40000
 tracks = 1168 at attempts = 41000
 tracks = 1168 at attempts = 42000
 tracks = 1166 at attempts = 43000
 tracks = 1166 at attempts = 44000
 tracks = 1166 at attempts = 45000
 tracks = 1166 at attempts = 46000
 tracks = 1166 at attempts = 47000
 tracks = 1166 at attempts = 48000
 tracks = 1166 at attempts = 49000
 tracks = 1166 at attempts = 50000
 tracks = 1166 at attempts = 51000
 tracks = 1166 at attempts = 52000
 tracks = 1166 at attempts = 53000
 tracks = 1166 at attempts = 54000
 tracks = 1166 at attempts = 55000
 tracks = 1166 at attempts = 56000
 tracks = 1166 at attempts = 57000
 tracks = 1165 at attempts = 58000
 tracks = 1165 at attempts = 59000
 tracks = 1165 at attempts = 60000
 tracks = 1165 at attempts = 61000
 tracks = 1165 at attempts = 62000
 tracks = 1165 at attempts = 63000
 tracks = 1165 at attempts = 64000
 tracks = 1165 at attempts = 65000
 tracks = 1165 at attempts = 66000
 tracks = 1165 at attempts = 67000
 tracks = 1165 at attempts = 68000
 tracks = 1165 at attempts = 69000
 tracks = 1165 at attempts = 70000
 tracks = 1165 at attempts = 71000
 tracks = 1165 at attempts = 72000
 tracks = 1165 at attempts = 73000
 tracks = 1165 at attempts = 74000
 tracks = 1165 at attempts = 75000
 tracks = 1165 at attempts = 76000
 tracks = 1165 at attempts = 77000
 tracks = 1165 at attempts = 78000
 tracks = 1165 at attempts = 79000
 tracks = 1164 at attempts = 80000
 tracks = 1164 at attempts = 81000
 tracks = 1164 at attempts = 82000
 tracks = 1164 at attempts = 83000
 tracks = 1164 at attempts = 84000
 tracks = 1164 at attempts = 85000
 tracks = 1164 at attempts = 86000
 tracks = 1164 at attempts = 87000
 tracks = 1164 at attempts = 88000
 tracks = 1164 at attempts = 89000
 tracks = 1164 at attempts = 90000
 tracks = 1164 at attempts = 91000
 tracks = 1164 at attempts = 92000
 tracks = 1164 at attempts = 93000
 tracks = 1164 at attempts = 94000
 tracks = 1164 at attempts = 95000
 tracks = 1164 at attempts = 96000
 tracks = 1164 at attempts = 97000
 tracks = 1164 at attempts = 98000
 tracks = 1164 at attempts = 99000
 tracks = 1163 at attempts = 100000
 tracks = 1163 at attempts = 101000
 tracks = 1163 at attempts = 102000
 tracks = 1163 at attempts = 103000
 tracks = 1163 at attempts = 104000
 tracks = 1163 at attempts = 105000
 tracks = 1163 at attempts = 106000
 tracks = 1163 at attempts = 107000
 tracks = 1163 at attempts = 108000
 tracks = 1163 at attempts = 109000
 tracks = 1163 at attempts = 110000
 tracks = 1163 at attempts = 111000
 tracks = 1163 at attempts = 112000
 tracks = 1163 at attempts = 113000
 tracks = 1163 at attempts = 114000
 tracks = 1163 at attempts = 115000
 tracks = 1163 at attempts = 116000
 tracks = 1163 at attempts = 117000
 tracks = 1163 at attempts = 118000
 tracks = 1163 at attempts = 119000
 tracks = 1163 at attempts = 120000
 tracks = 1163 at attempts = 121000
 tracks = 1163 at attempts = 122000
 tracks = 1163 at attempts = 123000
 tracks = 1163 at attempts = 124000
 tracks = 1163 at attempts = 125000
 tracks = 1163 at attempts = 126000
 tracks = 1163 at attempts = 127000
 tracks = 1163 at attempts = 128000
 tracks = 1163 at attempts = 129000
 tracks = 1163 at attempts = 130000
 tracks = 1163 at attempts = 131000
 tracks = 1163 at attempts = 132000
 tracks = 1163 at attempts = 133000
 tracks = 1162 at attempts = 134000
 tracks = 1162 at attempts = 135000
 tracks = 1162 at attempts = 136000
 tracks = 1162 at attempts = 137000
 tracks = 1162 at attempts = 138000
 tracks = 1162 at attempts = 139000
 tracks = 1162 at attempts = 140000
 tracks = 1162 at attempts = 141000
 tracks = 1162 at attempts = 142000
 tracks = 1162 at attempts = 143000
 tracks = 1162 at attempts = 144000
 tracks = 1162 at attempts = 145000
 tracks = 1162 at attempts = 146000
 tracks = 1162 at attempts = 147000
 tracks = 1162 at attempts = 148000
 tracks = 1162 at attempts = 149000
 tracks = 1162 at attempts = 150000
 tracks = 1162 at attempts = 151000
 tracks = 1162 at attempts = 152000
 tracks = 1162 at attempts = 153000
 tracks = 1162 at attempts = 154000
 tracks = 1162 at attempts = 155000
 removing redundant feed-through pins
 the connectivity of all the nets is verified

 block left edge is at -239
 the longest block length is 52640
 building the steiner trees
 rebuilding the steiner tree

----start doing coarse global routing ------ 
 ITERATION  1
 ITERATION  2
 ITERATION  3
 ITERATION  4
 ITERATION  5
 ITERATION  6
 ITERATION  7
 ITERATION  8

  longest Row is:19   Its length is:54080
 doing feed-through pins assignment
 building the net-tree now !
 set up the global routing grids
 the starting value of tracks = 1330
 tracks = 1304 at attempts =  1000
 tracks = 1282 at attempts =  2000
 tracks = 1270 at attempts =  3000
 tracks = 1264 at attempts =  4000
 tracks = 1255 at attempts =  5000
 tracks = 1246 at attempts =  6000
 tracks = 1237 at attempts =  7000
 tracks = 1233 at attempts =  8000
 tracks = 1230 at attempts =  9000
 tracks = 1227 at attempts = 10000
 tracks = 1224 at attempts = 11000
 tracks = 1223 at attempts = 12000
 tracks = 1222 at attempts = 13000
 tracks = 1221 at attempts = 14000
 tracks = 1220 at attempts = 15000
 tracks = 1217 at attempts = 16000
 tracks = 1216 at attempts = 17000
 tracks = 1214 at attempts = 18000
 tracks = 1212 at attempts = 19000
 tracks = 1212 at attempts = 20000
 tracks = 1211 at attempts = 21000
 tracks = 1211 at attempts = 22000
 tracks = 1211 at attempts = 23000
 tracks = 1210 at attempts = 24000
 tracks = 1210 at attempts = 25000
 tracks = 1209 at attempts = 26000
 tracks = 1207 at attempts = 27000
 tracks = 1206 at attempts = 28000
 tracks = 1205 at attempts = 29000
 tracks = 1205 at attempts = 30000
 tracks = 1205 at attempts = 31000
 tracks = 1205 at attempts = 32000
 tracks = 1205 at attempts = 33000
 tracks = 1204 at attempts = 34000
 tracks = 1204 at attempts = 35000
 tracks = 1204 at attempts = 36000
 tracks = 1204 at attempts = 37000
 tracks = 1202 at attempts = 38000
 tracks = 1201 at attempts = 39000
 tracks = 1201 at attempts = 40000
 tracks = 1201 at attempts = 41000
 tracks = 1201 at attempts = 42000
 tracks = 1201 at attempts = 43000
 tracks = 1201 at attempts = 44000
 tracks = 1201 at attempts = 45000
 tracks = 1201 at attempts = 46000
 tracks = 1201 at attempts = 47000
 tracks = 1201 at attempts = 48000
 tracks = 1201 at attempts = 49000
 tracks = 1200 at attempts = 50000
 tracks = 1200 at attempts = 51000
 tracks = 1200 at attempts = 52000
 tracks = 1200 at attempts = 53000
 tracks = 1200 at attempts = 54000
 tracks = 1200 at attempts = 55000
 tracks = 1200 at attempts = 56000
 tracks = 1200 at attempts = 57000
 tracks = 1200 at attempts = 58000
 tracks = 1200 at attempts = 59000
 tracks = 1200 at attempts = 60000
 tracks = 1200 at attempts = 61000
 tracks = 1200 at attempts = 62000
 tracks = 1200 at attempts = 63000
 tracks = 1200 at attempts = 64000
 tracks = 1200 at attempts = 65000
 tracks = 1200 at attempts = 66000
 tracks = 1200 at attempts = 67000
 tracks = 1200 at attempts = 68000
 tracks = 1200 at attempts = 69000
 tracks = 1200 at attempts = 70000
 tracks = 1200 at attempts = 71000
 tracks = 1200 at attempts = 72000
 tracks = 1200 at attempts = 73000
 tracks = 1200 at attempts = 74000
 tracks = 1200 at attempts = 75000
 tracks = 1200 at attempts = 76000
 tracks = 1200 at attempts = 77000
 tracks = 1200 at attempts = 78000
 tracks = 1200 at attempts = 79000
 tracks = 1200 at attempts = 80000
 tracks = 1200 at attempts = 81000
 tracks = 1200 at attempts = 82000
 tracks = 1200 at attempts = 83000
 tracks = 1200 at attempts = 84000
 tracks = 1200 at attempts = 85000
 tracks = 1200 at attempts = 86000
 tracks = 1200 at attempts = 87000
 tracks = 1200 at attempts = 88000
 tracks = 1200 at attempts = 89000
 tracks = 1200 at attempts = 90000
 tracks = 1200 at attempts = 91000
 tracks = 1200 at attempts = 92000
 tracks = 1200 at attempts = 93000
 tracks = 1200 at attempts = 94000
 tracks = 1200 at attempts = 95000
 tracks = 1200 at attempts = 96000
 tracks = 1200 at attempts = 97000
 tracks = 1200 at attempts = 98000
 tracks = 1200 at attempts = 99000
 tracks = 1200 at attempts = 100000
 tracks = 1200 at attempts = 101000
 tracks = 1200 at attempts = 102000
 tracks = 1200 at attempts = 103000
 tracks = 1200 at attempts = 104000
 tracks = 1200 at attempts = 105000
 tracks = 1200 at attempts = 106000
 tracks = 1200 at attempts = 107000
 tracks = 1200 at attempts = 108000
 tracks = 1200 at attempts = 109000
 tracks = 1200 at attempts = 110000
 tracks = 1200 at attempts = 111000
 tracks = 1200 at attempts = 112000
 tracks = 1200 at attempts = 113000
 tracks = 1200 at attempts = 114000
 tracks = 1200 at attempts = 115000
 tracks = 1200 at attempts = 116000
 tracks = 1200 at attempts = 117000
 tracks = 1200 at attempts = 118000
 tracks = 1200 at attempts = 119000
 tracks = 1200 at attempts = 120000
 tracks = 1200 at attempts = 121000
 tracks = 1200 at attempts = 122000
 tracks = 1200 at attempts = 123000
 tracks = 1200 at attempts = 124000
 tracks = 1200 at attempts = 125000
 tracks = 1200 at attempts = 126000
 tracks = 1200 at attempts = 127000
 tracks = 1200 at attempts = 128000
 tracks = 1200 at attempts = 129000
 tracks = 1200 at attempts = 130000
 tracks = 1200 at attempts = 131000
 tracks = 1200 at attempts = 132000
 tracks = 1200 at attempts = 133000
 tracks = 1200 at attempts = 134000
 tracks = 1200 at attempts = 135000
 tracks = 1200 at attempts = 136000
 tracks = 1200 at attempts = 137000
 tracks = 1200 at attempts = 138000
 tracks = 1200 at attempts = 139000
 tracks = 1200 at attempts = 140000
 tracks = 1200 at attempts = 141000
 tracks = 1200 at attempts = 142000
 tracks = 1200 at attempts = 143000
 tracks = 1200 at attempts = 144000
 tracks = 1200 at attempts = 145000
 tracks = 1200 at attempts = 146000
 tracks = 1200 at attempts = 147000
 tracks = 1200 at attempts = 148000
 tracks = 1200 at attempts = 149000
 tracks = 1200 at attempts = 150000
 tracks = 1200 at attempts = 151000
 tracks = 1200 at attempts = 152000
 tracks = 1200 at attempts = 153000
 tracks = 1200 at attempts = 154000
 tracks = 1200 at attempts = 155000
 removing redundant feed-through pins
 the connectivity of all the nets is verified

 block left edge is at -239
 the longest block length is 52640
 building the steiner trees
 rebuilding the steiner tree

----start doing coarse global routing ------ 
 ITERATION  1
 ITERATION  2
 ITERATION  3
 ITERATION  4
 ITERATION  5
 ITERATION  6
 ITERATION  7
 ITERATION  8

  longest Row is:25   Its length is:54720
 doing feed-through pins assignment
 building the net-tree now !
 set up the global routing grids
 the starting value of tracks = 1329
 tracks = 1310 at attempts =  1000
 tracks = 1301 at attempts =  2000
 tracks = 1291 at attempts =  3000
 tracks = 1279 at attempts =  4000
 tracks = 1270 at attempts =  5000
 tracks = 1267 at attempts =  6000
 tracks = 1263 at attempts =  7000
 tracks = 1258 at attempts =  8000
 tracks = 1256 at attempts =  9000
 tracks = 1249 at attempts = 10000
 tracks = 1246 at attempts = 11000
 tracks = 1242 at attempts = 12000
 tracks = 1240 at attempts = 13000
 tracks = 1239 at attempts = 14000
 tracks = 1238 at attempts = 15000
 tracks = 1236 at attempts = 16000
 tracks = 1234 at attempts = 17000
 tracks = 1232 at attempts = 18000
 tracks = 1232 at attempts = 19000
 tracks = 1230 at attempts = 20000
 tracks = 1228 at attempts = 21000
 tracks = 1228 at attempts = 22000
 tracks = 1227 at attempts = 23000
 tracks = 1227 at attempts = 24000
 tracks = 1227 at attempts = 25000
 tracks = 1226 at attempts = 26000
 tracks = 1226 at attempts = 27000
 tracks = 1226 at attempts = 28000
 tracks = 1225 at attempts = 29000
 tracks = 1225 at attempts = 30000
 tracks = 1225 at attempts = 31000
 tracks = 1224 at attempts = 32000
 tracks = 1224 at attempts = 33000
 tracks = 1224 at attempts = 34000
 tracks = 1222 at attempts = 35000
 tracks = 1222 at attempts = 36000
 tracks = 1222 at attempts = 37000
 tracks = 1222 at attempts = 38000
 tracks = 1222 at attempts = 39000
 tracks = 1222 at attempts = 40000
 tracks = 1222 at attempts = 41000
 tracks = 1222 at attempts = 42000
 tracks = 1222 at attempts = 43000
 tracks = 1222 at attempts = 44000
 tracks = 1222 at attempts = 45000
 tracks = 1222 at attempts = 46000
 tracks = 1222 at attempts = 47000
 tracks = 1222 at attempts = 48000
 tracks = 1222 at attempts = 49000
 tracks = 1222 at attempts = 50000
 tracks = 1221 at attempts = 51000
 tracks = 1221 at attempts = 52000
 tracks = 1221 at attempts = 53000
 tracks = 1221 at attempts = 54000
 tracks = 1221 at attempts = 55000
 tracks = 1221 at attempts = 56000
 tracks = 1221 at attempts = 57000
 tracks = 1221 at attempts = 58000
 tracks = 1221 at attempts = 59000
 tracks = 1221 at attempts = 60000
 tracks = 1221 at attempts = 61000
 tracks = 1221 at attempts = 62000
 tracks = 1221 at attempts = 63000
 tracks = 1221 at attempts = 64000
 tracks = 1221 at attempts = 65000
 tracks = 1221 at attempts = 66000
 tracks = 1221 at attempts = 67000
 tracks = 1221 at attempts = 68000
 tracks = 1221 at attempts = 69000
 tracks = 1221 at attempts = 70000
 tracks = 1221 at attempts = 71000
 tracks = 1221 at attempts = 72000
 tracks = 1221 at attempts = 73000
 tracks = 1221 at attempts = 74000
 tracks = 1221 at attempts = 75000
 tracks = 1221 at attempts = 76000
 tracks = 1220 at attempts = 77000
 tracks = 1220 at attempts = 78000
 tracks = 1220 at attempts = 79000
 tracks = 1220 at attempts = 80000
 tracks = 1220 at attempts = 81000
 tracks = 1220 at attempts = 82000
 tracks = 1220 at attempts = 83000
 tracks = 1219 at attempts = 84000
 tracks = 1219 at attempts = 85000
 tracks = 1219 at attempts = 86000
 tracks = 1219 at attempts = 87000
 tracks = 1219 at attempts = 88000
 tracks = 1219 at attempts = 89000
 tracks = 1219 at attempts = 90000
 tracks = 1219 at attempts = 91000
 tracks = 1219 at attempts = 92000
 tracks = 1219 at attempts = 93000
 tracks = 1219 at attempts = 94000
 tracks = 1219 at attempts = 95000
 tracks = 1219 at attempts = 96000
 tracks = 1219 at attempts = 97000
 tracks = 1219 at attempts = 98000
 tracks = 1219 at attempts = 99000
 tracks = 1219 at attempts = 100000
 tracks = 1219 at attempts = 101000
 tracks = 1219 at attempts = 102000
 tracks = 1219 at attempts = 103000
 tracks = 1219 at attempts = 104000
 tracks = 1219 at attempts = 105000
 tracks = 1219 at attempts = 106000
 tracks = 1219 at attempts = 107000
 tracks = 1219 at attempts = 108000
 tracks = 1219 at attempts = 109000
 tracks = 1218 at attempts = 110000
 tracks = 1218 at attempts = 111000
 tracks = 1218 at attempts = 112000
 tracks = 1218 at attempts = 113000
 tracks = 1218 at attempts = 114000
 tracks = 1218 at attempts = 115000
 tracks = 1218 at attempts = 116000
 tracks = 1218 at attempts = 117000
 tracks = 1218 at attempts = 118000
 tracks = 1218 at attempts = 119000
 tracks = 1218 at attempts = 120000
 tracks = 1218 at attempts = 121000
 tracks = 1218 at attempts = 122000
 tracks = 1218 at attempts = 123000
 tracks = 1218 at attempts = 124000
 tracks = 1218 at attempts = 125000
 tracks = 1218 at attempts = 126000
 tracks = 1218 at attempts = 127000
 tracks = 1218 at attempts = 128000
 tracks = 1218 at attempts = 129000
 tracks = 1218 at attempts = 130000
 tracks = 1217 at attempts = 131000
 tracks = 1217 at attempts = 132000
 tracks = 1217 at attempts = 133000
 tracks = 1217 at attempts = 134000
 tracks = 1217 at attempts = 135000
 tracks = 1217 at attempts = 136000
 tracks = 1217 at attempts = 137000
 tracks = 1217 at attempts = 138000
 tracks = 1217 at attempts = 139000
 tracks = 1217 at attempts = 140000
 tracks = 1217 at attempts = 141000
 tracks = 1217 at attempts = 142000
 tracks = 1217 at attempts = 143000
 tracks = 1217 at attempts = 144000
 tracks = 1217 at attempts = 145000
 tracks = 1217 at attempts = 146000
 tracks = 1217 at attempts = 147000
 tracks = 1217 at attempts = 148000
 tracks = 1217 at attempts = 149000
 tracks = 1217 at attempts = 150000
 tracks = 1217 at attempts = 151000
 tracks = 1217 at attempts = 152000
 tracks = 1217 at attempts = 153000
 tracks = 1217 at attempts = 154000
 tracks = 1217 at attempts = 155000
 removing redundant feed-through pins
 the connectivity of all the nets is verified

 block left edge is at -239
 the longest block length is 52640
 building the steiner trees
 rebuilding the steiner tree

----start doing coarse global routing ------ 
 ITERATION  1

  longest Row is:4   Its length is:51440
 doing feed-through pins assignment
 building the net-tree now !
 set up the global routing grids
 the starting value of tracks = 1086
 tracks = 1086 at attempts =  1000
 tracks = 1086 at attempts =  2000
 tracks = 1086 at attempts =  3000
 tracks = 1086 at attempts =  4000
 tracks = 1086 at attempts =  5000
 tracks = 1086 at attempts =  6000
 tracks = 1086 at attempts =  7000
 tracks = 1086 at attempts =  8000
 tracks = 1086 at attempts =  9000
 tracks = 1086 at attempts = 10000
 tracks = 1086 at attempts = 11000
 tracks = 1086 at attempts = 12000
 tracks = 1086 at attempts = 13000
 tracks = 1086 at attempts = 14000
 tracks = 1086 at attempts = 15000
 tracks = 1086 at attempts = 16000
 tracks = 1086 at attempts = 17000
 tracks = 1086 at attempts = 18000
 tracks = 1086 at attempts = 19000
 tracks = 1086 at attempts = 20000
 tracks = 1086 at attempts = 21000
 tracks = 1086 at attempts = 22000
 tracks = 1086 at attempts = 23000
 tracks = 1086 at attempts = 24000
 tracks = 1086 at attempts = 25000
 tracks = 1086 at attempts = 26000
 tracks = 1086 at attempts = 27000
 tracks = 1086 at attempts = 28000
 tracks = 1086 at attempts = 29000
 tracks = 1086 at attempts = 30000
 tracks = 1086 at attempts = 31000
 tracks = 1086 at attempts = 32000
 tracks = 1086 at attempts = 33000
 tracks = 1086 at attempts = 34000
 tracks = 1086 at attempts = 35000
 tracks = 1086 at attempts = 36000
 tracks = 1086 at attempts = 37000
 tracks = 1086 at attempts = 38000
 tracks = 1086 at attempts = 39000
 tracks = 1086 at attempts = 40000
 tracks = 1086 at attempts = 41000
 tracks = 1086 at attempts = 42000
 tracks = 1086 at attempts = 43000
 tracks = 1086 at attempts = 44000
 tracks = 1086 at attempts = 45000
 tracks = 1086 at attempts = 46000
 tracks = 1086 at attempts = 47000
 tracks = 1086 at attempts = 48000
 tracks = 1086 at attempts = 49000
 tracks = 1086 at attempts = 50000
 tracks = 1086 at attempts = 51000
 tracks = 1086 at attempts = 52000
 tracks = 1086 at attempts = 53000
 tracks = 1086 at attempts = 54000
 tracks = 1086 at attempts = 55000
 tracks = 1086 at attempts = 56000
 tracks = 1086 at attempts = 57000
 tracks = 1086 at attempts = 58000
 tracks = 1086 at attempts = 59000
 tracks = 1086 at attempts = 60000
 tracks = 1086 at attempts = 61000
 tracks = 1086 at attempts = 62000
 tracks = 1086 at attempts = 63000
 tracks = 1086 at attempts = 64000
 tracks = 1086 at attempts = 65000
 tracks = 1086 at attempts = 66000
 tracks = 1086 at attempts = 67000
 tracks = 1086 at attempts = 68000
 tracks = 1086 at attempts = 69000
 tracks = 1086 at attempts = 70000
 tracks = 1086 at attempts = 71000
 tracks = 1086 at attempts = 72000
 tracks = 1086 at attempts = 73000
 tracks = 1086 at attempts = 74000
 tracks = 1086 at attempts = 75000
 tracks = 1086 at attempts = 76000
 tracks = 1086 at attempts = 77000
 tracks = 1086 at attempts = 78000
 tracks = 1086 at attempts = 79000
 tracks = 1086 at attempts = 80000
 tracks = 1086 at attempts = 81000
 tracks = 1086 at attempts = 82000
 tracks = 1086 at attempts = 83000
 tracks = 1086 at attempts = 84000
 tracks = 1086 at attempts = 85000
 tracks = 1086 at attempts = 86000
 tracks = 1086 at attempts = 87000
 tracks = 1086 at attempts = 88000
 tracks = 1086 at attempts = 89000
 tracks = 1086 at attempts = 90000
 tracks = 1086 at attempts = 91000
 tracks = 1086 at attempts = 92000
 tracks = 1086 at attempts = 93000
 tracks = 1086 at attempts = 94000
 tracks = 1086 at attempts = 95000
 tracks = 1086 at attempts = 96000
 tracks = 1086 at attempts = 97000
 tracks = 1086 at attempts = 98000
 tracks = 1086 at attempts = 99000
 tracks = 1086 at attempts = 100000
 tracks = 1086 at attempts = 101000
 tracks = 1086 at attempts = 102000
 tracks = 1086 at attempts = 103000
 tracks = 1086 at attempts = 104000
 tracks = 1086 at attempts = 105000
 tracks = 1086 at attempts = 106000
 tracks = 1086 at attempts = 107000
 tracks = 1086 at attempts = 108000
 tracks = 1086 at attempts = 109000
 tracks = 1086 at attempts = 110000
 tracks = 1086 at attempts = 111000
 tracks = 1086 at attempts = 112000
 tracks = 1086 at attempts = 113000
 tracks = 1086 at attempts = 114000
 tracks = 1086 at attempts = 115000
 tracks = 1086 at attempts = 116000
 tracks = 1086 at attempts = 117000
 tracks = 1086 at attempts = 118000
 tracks = 1086 at attempts = 119000
 tracks = 1086 at attempts = 120000
 tracks = 1086 at attempts = 121000
 tracks = 1086 at attempts = 122000
 tracks = 1086 at attempts = 123000
 tracks = 1086 at attempts = 124000
 tracks = 1086 at attempts = 125000
 tracks = 1086 at attempts = 126000
 tracks = 1086 at attempts = 127000
 tracks = 1086 at attempts = 128000
 tracks = 1086 at attempts = 129000
 tracks = 1086 at attempts = 130000
 tracks = 1086 at attempts = 131000
 tracks = 1086 at attempts = 132000
 tracks = 1086 at attempts = 133000
 tracks = 1086 at attempts = 134000
 tracks = 1086 at attempts = 135000
 tracks = 1086 at attempts = 136000
 tracks = 1086 at attempts = 137000
 tracks = 1086 at attempts = 138000
 tracks = 1086 at attempts = 139000
 tracks = 1086 at attempts = 140000
 tracks = 1086 at attempts = 141000
 tracks = 1086 at attempts = 142000
 tracks = 1086 at attempts = 143000
 tracks = 1086 at attempts = 144000
 tracks = 1086 at attempts = 145000
 tracks = 1086 at attempts = 146000
 tracks = 1086 at attempts = 147000
 tracks = 1086 at attempts = 148000
 tracks = 1086 at attempts = 149000
 tracks = 1086 at attempts = 150000
 tracks = 1086 at attempts = 151000
 tracks = 1086 at attempts = 152000
 tracks = 1086 at attempts = 153000
 tracks = 1086 at attempts = 154000
 tracks = 1086 at attempts = 155000
 removing redundant feed-through pins
 the connectivity of all the nets is verified


***********************************************
*ACTUAL* FINAL NUMBER OF ROUTING TRACKS: 1086
***********************************************


TimberWolfSC terminated normally with no errors and 0 warning[s]


twflow terminated normally with no errors and 0 warning[s]

Running getfillcell to determine cell to use for fill.
getfillcell.tcl Turn_Controller  /usr/local/share/qflow/tech/osu018/osu018_stdcells.lef FILL
Using cell FILL for fill
Running place2def to translate graywolf output to DEF format.
place2def.tcl Turn_Controller FILL 
Running place2def.tcl
DEF database: 100 units per micron
Limits: xbot = -535.0 ybot = -465.0 xtop = 51495.0 ytop = 51065.0
Core values: 40.0 50.0 51480.0 51050.0
Offsets: 40.0 50.0
6 routing layers
metal1: 517 vertical tracks from -3um with 1um pitch
metal2: 652 vertical tracks from -3.2um with 0.8um pitch
metal3: 517 vertical tracks from -3um with 1um pitch
metal4: 652 vertical tracks from -3.2um with 0.8um pitch
metal5: 517 vertical tracks from -3um with 1um pitch
metal6: 326 vertical tracks from -3.2um with 1.6um pitch
Summary: Total components = 6193
  Fill cells  = 0
  Other cells = 6193
Done with place2def.tcl
Running addspacers to generate power stripes and align cell right edge
addspacers.tcl  -stripe 2.0 50.0 PG Turn_Controller  /usr/local/share/qflow/tech/osu018/osu018_stdcells.lef FILL
Reading FILL macros from LEF file.
Reading DEF file Turn_Controller.def. . .
Number of rows is 51
Longest row has width 514.8 um
addspacers:  Inserting 10 stripes of width 1.6 um (2.0 um requested)
  Pitch 49.6 um, offset 33.6 um
stretch:  Number of components is 7283
Analysis of DEF file:
Number of components = 6193
New number of components = 7283
Number of rows = 51
Adjusting obstructions for power striping
Done with addspacers.tcl
Running arrangepins to adjust pin positions for optimal routing.
arrangepins.tcl  Turn_Controller
Reading info file Turn_Controller.info. . .
Reading DEF file Turn_Controller.def. . .
Recalculating pin positions
Writing DEF file Turn_Controller_mod.def. . .
Done with arrangepins.tcl
blifanno.tcl /home/subham/software/vsdflow/TrafficLightController/synthesis/Turn_Controller.blif Turn_Controller.def /home/subham/software/vsdflow/TrafficLightController/synthesis/Turn_Controller_anno.blif
Running blifanno.tcl
Reading DEF file Turn_Controller.def. . .
Done with blifanno.tcl

Generating RTL verilog and SPICE netlist file in directory
   /home/subham/software/vsdflow/TrafficLightController/synthesis
Files:
   Verilog: /home/subham/software/vsdflow/TrafficLightController/synthesis/Turn_Controller.rtl.v
   Verilog: /home/subham/software/vsdflow/TrafficLightController/synthesis/Turn_Controller.rtlnopwr.v
   Verilog: /home/subham/software/vsdflow/TrafficLightController/synthesis/Turn_Controller.rtlbb.v
   Spice:   /home/subham/software/vsdflow/TrafficLightController/synthesis/Turn_Controller.spc

Running blif2Verilog.
Running blif2BSpice.
Placement script ended on Friday 04 December 2020 10:35:35 PM IST
